
*** Running vivado
    with args -log NonSeqCounter_4bit.vds -m64 -product Vivado -mode batch -messageDb vivado.pb -notrace -source NonSeqCounter_4bit.tcl


ECHO is off.
ECHO is off.

****** Vivado v2023.1 (64-bit)
  **** SW Build 3865809 on Sun May  7 15:05:29 MDT 2023
  **** IP Build 3864474 on Sun May  7 20:36:21 MDT 2023
  **** SharedData Build 3865790 on Sun May 07 13:33:03 MDT 2023
    ** Copyright 1986-2022 Xilinx, Inc. All Rights Reserved.
    ** Copyright 2022-2023 Advanced Micro Devices, Inc. All Rights Reserved.

source NonSeqCounter_4bit.tcl -notrace
create_project: Time (s): cpu = 00:00:01 ; elapsed = 00:00:07 . Memory (MB): peak = 448.656 ; gain = 165.172
Command: read_checkpoint -auto_incremental -incremental E:/School/3rdYear/Semester-I/DSD/Labs/Practicum/Practicum.srcs/utils_1/imports/synth_1/NonSeqCounter_4bit.dcp
INFO: [Vivado 12-5825] Read reference checkpoint from E:/School/3rdYear/Semester-I/DSD/Labs/Practicum/Practicum.srcs/utils_1/imports/synth_1/NonSeqCounter_4bit.dcp for incremental synthesis
INFO: [Vivado 12-7989] Please ensure there are no constraint changes
Command: synth_design -top NonSeqCounter_4bit -part xc7a100tcsg324-1
Starting synth_design
Attempting to get a license for feature 'Synthesis' and/or device 'xc7a100t'
INFO: [Common 17-349] Got license for feature 'Synthesis' and/or device 'xc7a100t'
INFO: [Device 21-403] Loading part xc7a100tcsg324-1
INFO: [Designutils 20-5440] No compile time benefit to using incremental synthesis; A full resynthesis will be run
INFO: [Designutils 20-4379] Flow is switching to default flow due to incremental criteria not met. If you would like to alter this behaviour and have the flow terminate instead, please set the following parameter config_implementation {autoIncr.Synth.RejectBehavior Terminate}
INFO: [Synth 8-7079] Multithreading enabled for synth_design using a maximum of 2 processes.
INFO: [Synth 8-7078] Launching helper process for spawning children vivado processes
INFO: [Synth 8-7075] Helper process launched with PID 16144
---------------------------------------------------------------------------------
Starting RTL Elaboration : Time (s): cpu = 00:00:01 ; elapsed = 00:00:06 . Memory (MB): peak = 1282.160 ; gain = 410.934
---------------------------------------------------------------------------------
INFO: [Synth 8-6157] synthesizing module 'NonSeqCounter_4bit' [E:/School/3rdYear/Semester-I/DSD/Labs/Practicum/Practicum.srcs/sources_1/new/nf.v:3]
INFO: [Synth 8-6157] synthesizing module 'Clk_Divider' [E:/School/3rdYear/Semester-I/DSD/Labs/Practicum/Practicum.srcs/sources_1/new/nf.v:147]
INFO: [Synth 8-6155] done synthesizing module 'Clk_Divider' (0#1) [E:/School/3rdYear/Semester-I/DSD/Labs/Practicum/Practicum.srcs/sources_1/new/nf.v:147]
INFO: [Synth 8-6157] synthesizing module 'SetSegments' [E:/School/3rdYear/Semester-I/DSD/Labs/Practicum/Practicum.srcs/sources_1/new/nf.v:179]
INFO: [Synth 8-226] default block is never used [E:/School/3rdYear/Semester-I/DSD/Labs/Practicum/Practicum.srcs/sources_1/new/nf.v:186]
INFO: [Synth 8-6155] done synthesizing module 'SetSegments' (0#1) [E:/School/3rdYear/Semester-I/DSD/Labs/Practicum/Practicum.srcs/sources_1/new/nf.v:179]
WARNING: [Synth 8-567] referenced signal 'Seg_val0' should be on the sensitivity list [E:/School/3rdYear/Semester-I/DSD/Labs/Practicum/Practicum.srcs/sources_1/new/nf.v:44]
WARNING: [Synth 8-567] referenced signal 'Seg_val1' should be on the sensitivity list [E:/School/3rdYear/Semester-I/DSD/Labs/Practicum/Practicum.srcs/sources_1/new/nf.v:44]
WARNING: [Synth 8-567] referenced signal 'Seg_val2' should be on the sensitivity list [E:/School/3rdYear/Semester-I/DSD/Labs/Practicum/Practicum.srcs/sources_1/new/nf.v:44]
WARNING: [Synth 8-567] referenced signal 'Seg_val3' should be on the sensitivity list [E:/School/3rdYear/Semester-I/DSD/Labs/Practicum/Practicum.srcs/sources_1/new/nf.v:44]
WARNING: [Synth 8-567] referenced signal 'Seg_val4' should be on the sensitivity list [E:/School/3rdYear/Semester-I/DSD/Labs/Practicum/Practicum.srcs/sources_1/new/nf.v:44]
INFO: [Synth 8-6157] synthesizing module 'Display_Digit' [E:/School/3rdYear/Semester-I/DSD/Labs/Practicum/Practicum.srcs/sources_1/new/nf.v:208]
INFO: [Synth 8-226] default block is never used [E:/School/3rdYear/Semester-I/DSD/Labs/Practicum/Practicum.srcs/sources_1/new/nf.v:225]
INFO: [Synth 8-6155] done synthesizing module 'Display_Digit' (0#1) [E:/School/3rdYear/Semester-I/DSD/Labs/Practicum/Practicum.srcs/sources_1/new/nf.v:208]
WARNING: [Synth 8-6090] variable 'NextState' is written by both blocking and non-blocking assignments, entire logic could be removed [E:/School/3rdYear/Semester-I/DSD/Labs/Practicum/Practicum.srcs/sources_1/new/nf.v:91]
WARNING: [Synth 8-6090] variable 'NextState' is written by both blocking and non-blocking assignments, entire logic could be removed [E:/School/3rdYear/Semester-I/DSD/Labs/Practicum/Practicum.srcs/sources_1/new/nf.v:95]
WARNING: [Synth 8-6090] variable 'NextState' is written by both blocking and non-blocking assignments, entire logic could be removed [E:/School/3rdYear/Semester-I/DSD/Labs/Practicum/Practicum.srcs/sources_1/new/nf.v:100]
WARNING: [Synth 8-6090] variable 'NextState' is written by both blocking and non-blocking assignments, entire logic could be removed [E:/School/3rdYear/Semester-I/DSD/Labs/Practicum/Practicum.srcs/sources_1/new/nf.v:104]
WARNING: [Synth 8-6090] variable 'NextState' is written by both blocking and non-blocking assignments, entire logic could be removed [E:/School/3rdYear/Semester-I/DSD/Labs/Practicum/Practicum.srcs/sources_1/new/nf.v:108]
WARNING: [Synth 8-6090] variable 'NextState' is written by both blocking and non-blocking assignments, entire logic could be removed [E:/School/3rdYear/Semester-I/DSD/Labs/Practicum/Practicum.srcs/sources_1/new/nf.v:112]
WARNING: [Synth 8-6090] variable 'NextState' is written by both blocking and non-blocking assignments, entire logic could be removed [E:/School/3rdYear/Semester-I/DSD/Labs/Practicum/Practicum.srcs/sources_1/new/nf.v:116]
WARNING: [Synth 8-6090] variable 'NextState' is written by both blocking and non-blocking assignments, entire logic could be removed [E:/School/3rdYear/Semester-I/DSD/Labs/Practicum/Practicum.srcs/sources_1/new/nf.v:120]
WARNING: [Synth 8-6090] variable 'NextState' is written by both blocking and non-blocking assignments, entire logic could be removed [E:/School/3rdYear/Semester-I/DSD/Labs/Practicum/Practicum.srcs/sources_1/new/nf.v:124]
WARNING: [Synth 8-6090] variable 'NextState' is written by both blocking and non-blocking assignments, entire logic could be removed [E:/School/3rdYear/Semester-I/DSD/Labs/Practicum/Practicum.srcs/sources_1/new/nf.v:128]
WARNING: [Synth 8-6090] variable 'NextState' is written by both blocking and non-blocking assignments, entire logic could be removed [E:/School/3rdYear/Semester-I/DSD/Labs/Practicum/Practicum.srcs/sources_1/new/nf.v:131]
WARNING: [Synth 8-6090] variable 'NextState' is written by both blocking and non-blocking assignments, entire logic could be removed [E:/School/3rdYear/Semester-I/DSD/Labs/Practicum/Practicum.srcs/sources_1/new/nf.v:135]
WARNING: [Synth 8-567] referenced signal 'BTNC' should be on the sensitivity list [E:/School/3rdYear/Semester-I/DSD/Labs/Practicum/Practicum.srcs/sources_1/new/nf.v:86]
INFO: [Synth 8-6155] done synthesizing module 'NonSeqCounter_4bit' (0#1) [E:/School/3rdYear/Semester-I/DSD/Labs/Practicum/Practicum.srcs/sources_1/new/nf.v:3]
WARNING: [Synth 8-3848] Net LED in module/entity NonSeqCounter_4bit does not have driver. [E:/School/3rdYear/Semester-I/DSD/Labs/Practicum/Practicum.srcs/sources_1/new/nf.v:6]
WARNING: [Synth 8-7129] Port LED in module NonSeqCounter_4bit is either unconnected or has no load
---------------------------------------------------------------------------------
Finished RTL Elaboration : Time (s): cpu = 00:00:01 ; elapsed = 00:00:08 . Memory (MB): peak = 1373.801 ; gain = 502.574
---------------------------------------------------------------------------------
---------------------------------------------------------------------------------
Start Handling Custom Attributes
---------------------------------------------------------------------------------
---------------------------------------------------------------------------------
Finished Handling Custom Attributes : Time (s): cpu = 00:00:01 ; elapsed = 00:00:08 . Memory (MB): peak = 1373.801 ; gain = 502.574
---------------------------------------------------------------------------------
---------------------------------------------------------------------------------
Finished RTL Optimization Phase 1 : Time (s): cpu = 00:00:01 ; elapsed = 00:00:08 . Memory (MB): peak = 1373.801 ; gain = 502.574
---------------------------------------------------------------------------------
Netlist sorting complete. Time (s): cpu = 00:00:00 ; elapsed = 00:00:00.003 . Memory (MB): peak = 1373.801 ; gain = 0.000
INFO: [Project 1-570] Preparing netlist for logic optimization

Processing XDC Constraints
Initializing timing engine
Parsing XDC File [E:/School/3rdYear/Semester-I/DSD/Labs/Practicum/Practicum.srcs/constrs_1/new/cf.xdc]
WARNING: [Vivado 12-584] No ports matched 'CLK100MHZ'. [E:/School/3rdYear/Semester-I/DSD/Labs/Practicum/Practicum.srcs/constrs_1/new/cf.xdc:8]
CRITICAL WARNING: [Vivado 12-4739] create_clock:No valid object(s) found for '-objects [get_ports CLK100MHZ]'. [E:/School/3rdYear/Semester-I/DSD/Labs/Practicum/Practicum.srcs/constrs_1/new/cf.xdc:8]
Resolution: Check if the specified object(s) exists in the current design. If it does, ensure that the correct design hierarchy was specified for the object. If you are working with clocks, make sure create_clock was used to create the clock object before it is referenced.
WARNING: [Vivado 12-584] No ports matched 'UART_TXD'. [E:/School/3rdYear/Semester-I/DSD/Labs/Practicum/Practicum.srcs/constrs_1/new/cf.xdc:220]
CRITICAL WARNING: [Common 17-55] 'set_property' expects at least one object. [E:/School/3rdYear/Semester-I/DSD/Labs/Practicum/Practicum.srcs/constrs_1/new/cf.xdc:220]
Resolution: If [get_<value>] was used to populate the object, check to make sure this command returns at least one valid object.
WARNING: [Vivado 12-584] No ports matched 'PS2_CLK'. [E:/School/3rdYear/Semester-I/DSD/Labs/Practicum/Practicum.srcs/constrs_1/new/cf.xdc:226]
CRITICAL WARNING: [Common 17-55] 'set_property' expects at least one object. [E:/School/3rdYear/Semester-I/DSD/Labs/Practicum/Practicum.srcs/constrs_1/new/cf.xdc:226]
Resolution: If [get_<value>] was used to populate the object, check to make sure this command returns at least one valid object.
WARNING: [Vivado 12-584] No ports matched 'PS2_DATA'. [E:/School/3rdYear/Semester-I/DSD/Labs/Practicum/Practicum.srcs/constrs_1/new/cf.xdc:227]
CRITICAL WARNING: [Common 17-55] 'set_property' expects at least one object. [E:/School/3rdYear/Semester-I/DSD/Labs/Practicum/Practicum.srcs/constrs_1/new/cf.xdc:227]
Resolution: If [get_<value>] was used to populate the object, check to make sure this command returns at least one valid object.
Finished Parsing XDC File [E:/School/3rdYear/Semester-I/DSD/Labs/Practicum/Practicum.srcs/constrs_1/new/cf.xdc]
INFO: [Project 1-236] Implementation specific constraints were found while reading constraint file [E:/School/3rdYear/Semester-I/DSD/Labs/Practicum/Practicum.srcs/constrs_1/new/cf.xdc]. These constraints will be ignored for synthesis but will be used in implementation. Impacted constraints are listed in the file [.Xil/NonSeqCounter_4bit_propImpl.xdc].
Resolution: To avoid this warning, move constraints listed in [.Xil/NonSeqCounter_4bit_propImpl.xdc] to another XDC file and exclude this new file from synthesis with the used_in_synthesis property (File Properties dialog in GUI) and re-run elaboration/synthesis.
Completed Processing XDC Constraints

Netlist sorting complete. Time (s): cpu = 00:00:00 ; elapsed = 00:00:00 . Memory (MB): peak = 1466.840 ; gain = 0.000
INFO: [Project 1-111] Unisim Transformation Summary:
No Unisim elements were transformed.

Constraint Validation Runtime : Time (s): cpu = 00:00:00 ; elapsed = 00:00:00.003 . Memory (MB): peak = 1466.840 ; gain = 0.000
INFO: [Designutils 20-5440] No compile time benefit to using incremental synthesis; A full resynthesis will be run
INFO: [Designutils 20-4379] Flow is switching to default flow due to incremental criteria not met. If you would like to alter this behaviour and have the flow terminate instead, please set the following parameter config_implementation {autoIncr.Synth.RejectBehavior Terminate}
---------------------------------------------------------------------------------
Finished Constraint Validation : Time (s): cpu = 00:00:03 ; elapsed = 00:00:17 . Memory (MB): peak = 1466.840 ; gain = 595.613
---------------------------------------------------------------------------------
---------------------------------------------------------------------------------
Start Loading Part and Timing Information
---------------------------------------------------------------------------------
Loading part: xc7a100tcsg324-1
---------------------------------------------------------------------------------
Finished Loading Part and Timing Information : Time (s): cpu = 00:00:03 ; elapsed = 00:00:17 . Memory (MB): peak = 1466.840 ; gain = 595.613
---------------------------------------------------------------------------------
---------------------------------------------------------------------------------
Start Applying 'set_property' XDC Constraints
---------------------------------------------------------------------------------
---------------------------------------------------------------------------------
Finished applying 'set_property' XDC Constraints : Time (s): cpu = 00:00:03 ; elapsed = 00:00:17 . Memory (MB): peak = 1466.840 ; gain = 595.613
---------------------------------------------------------------------------------
INFO: [Synth 8-802] inferred FSM for state register 'State_reg' in module 'NonSeqCounter_4bit'
WARNING: [Synth 8-327] inferring latch for variable 'Sarray_reg[7]' [E:/School/3rdYear/Semester-I/DSD/Labs/Practicum/Practicum.srcs/sources_1/new/nf.v:46]
---------------------------------------------------------------------------------------------------
                   State |                     New Encoding |                Previous Encoding 
---------------------------------------------------------------------------------------------------
                 iSTATE3 |                       0000000001 |                             0000
                 iSTATE2 |                       0000000010 |                             0001
                 iSTATE1 |                       0000000100 |                             0010
                  iSTATE |                       0000001000 |                             0011
                 iSTATE0 |                       0000010000 |                             0100
                 iSTATE8 |                       0000100000 |                             0101
                 iSTATE7 |                       0001000000 |                             0110
                 iSTATE5 |                       0010000000 |                             0111
                 iSTATE6 |                       0100000000 |                             1000
                 iSTATE4 |                       1000000000 |                             1001
---------------------------------------------------------------------------------------------------
INFO: [Synth 8-3354] encoded FSM with state register 'State_reg' using encoding 'one-hot' in module 'NonSeqCounter_4bit'
WARNING: [Synth 8-327] inferring latch for variable 'Sarray_reg[6]' [E:/School/3rdYear/Semester-I/DSD/Labs/Practicum/Practicum.srcs/sources_1/new/nf.v:46]
WARNING: [Synth 8-327] inferring latch for variable 'Sarray_reg[5]' [E:/School/3rdYear/Semester-I/DSD/Labs/Practicum/Practicum.srcs/sources_1/new/nf.v:46]
WARNING: [Synth 8-327] inferring latch for variable 'Sarray_reg[4]' [E:/School/3rdYear/Semester-I/DSD/Labs/Practicum/Practicum.srcs/sources_1/new/nf.v:46]
WARNING: [Synth 8-327] inferring latch for variable 'Sarray_reg[3]' [E:/School/3rdYear/Semester-I/DSD/Labs/Practicum/Practicum.srcs/sources_1/new/nf.v:46]
WARNING: [Synth 8-327] inferring latch for variable 'Sarray_reg[2]' [E:/School/3rdYear/Semester-I/DSD/Labs/Practicum/Practicum.srcs/sources_1/new/nf.v:46]
WARNING: [Synth 8-327] inferring latch for variable 'Sarray_reg[1]' [E:/School/3rdYear/Semester-I/DSD/Labs/Practicum/Practicum.srcs/sources_1/new/nf.v:46]
WARNING: [Synth 8-327] inferring latch for variable 'Sarray_reg[0]' [E:/School/3rdYear/Semester-I/DSD/Labs/Practicum/Practicum.srcs/sources_1/new/nf.v:46]
WARNING: [Synth 8-327] inferring latch for variable 'Count_reg' [E:/School/3rdYear/Semester-I/DSD/Labs/Practicum/Practicum.srcs/sources_1/new/nf.v:28]
---------------------------------------------------------------------------------
Finished RTL Optimization Phase 2 : Time (s): cpu = 00:00:03 ; elapsed = 00:00:17 . Memory (MB): peak = 1466.840 ; gain = 595.613
---------------------------------------------------------------------------------
---------------------------------------------------------------------------------
Start RTL Component Statistics 
---------------------------------------------------------------------------------
Detailed RTL Component Info : 
+---Adders : 
	   2 Input    4 Bit       Adders := 1     
+---Registers : 
	                8 Bit    Registers := 2     
	                4 Bit    Registers := 1     
	                1 Bit    Registers := 2     
+---Muxes : 
	  10 Input   10 Bit        Muxes := 1     
	   2 Input   10 Bit        Muxes := 2     
	   2 Input    8 Bit        Muxes := 5     
	  10 Input    4 Bit        Muxes := 2     
	  16 Input    1 Bit        Muxes := 1     
	  10 Input    1 Bit        Muxes := 1     
	   2 Input    1 Bit        Muxes := 2     
---------------------------------------------------------------------------------
Finished RTL Component Statistics 
---------------------------------------------------------------------------------
---------------------------------------------------------------------------------
Start Part Resource Summary
---------------------------------------------------------------------------------
Part Resources:
DSPs: 240 (col length:80)
BRAMs: 270 (col length: RAMB18 80 RAMB36 40)
---------------------------------------------------------------------------------
Finished Part Resource Summary
---------------------------------------------------------------------------------
---------------------------------------------------------------------------------
Start Cross Boundary and Area Optimization
---------------------------------------------------------------------------------
WARNING: [Synth 8-7080] Parallel synthesis criteria is not met
WARNING: [Synth 8-7129] Port LED in module NonSeqCounter_4bit is either unconnected or has no load
WARNING: [Synth 8-3332] Sequential element (Sarray_reg[5][7]) is unused and will be removed from module NonSeqCounter_4bit.
WARNING: [Synth 8-3332] Sequential element (Sarray_reg[0][7]) is unused and will be removed from module NonSeqCounter_4bit.
---------------------------------------------------------------------------------
Finished Cross Boundary and Area Optimization : Time (s): cpu = 00:00:03 ; elapsed = 00:00:20 . Memory (MB): peak = 1466.840 ; gain = 595.613
---------------------------------------------------------------------------------
---------------------------------------------------------------------------------
Start Applying XDC Timing Constraints
---------------------------------------------------------------------------------
---------------------------------------------------------------------------------
Finished Applying XDC Timing Constraints : Time (s): cpu = 00:00:03 ; elapsed = 00:00:26 . Memory (MB): peak = 1466.840 ; gain = 595.613
---------------------------------------------------------------------------------
---------------------------------------------------------------------------------
Start Timing Optimization
---------------------------------------------------------------------------------
---------------------------------------------------------------------------------
Finished Timing Optimization : Time (s): cpu = 00:00:03 ; elapsed = 00:00:26 . Memory (MB): peak = 1466.840 ; gain = 595.613
---------------------------------------------------------------------------------
---------------------------------------------------------------------------------
Start Technology Mapping
---------------------------------------------------------------------------------
---------------------------------------------------------------------------------
Finished Technology Mapping : Time (s): cpu = 00:00:03 ; elapsed = 00:00:26 . Memory (MB): peak = 1466.840 ; gain = 595.613
---------------------------------------------------------------------------------
---------------------------------------------------------------------------------
Start IO Insertion
---------------------------------------------------------------------------------
---------------------------------------------------------------------------------
Start Flattening Before IO Insertion
---------------------------------------------------------------------------------
---------------------------------------------------------------------------------
Finished Flattening Before IO Insertion
---------------------------------------------------------------------------------
---------------------------------------------------------------------------------
Start Final Netlist Cleanup
---------------------------------------------------------------------------------
---------------------------------------------------------------------------------
Finished Final Netlist Cleanup
---------------------------------------------------------------------------------
---------------------------------------------------------------------------------
Finished IO Insertion : Time (s): cpu = 00:00:04 ; elapsed = 00:00:31 . Memory (MB): peak = 1466.840 ; gain = 595.613
---------------------------------------------------------------------------------
---------------------------------------------------------------------------------
Start Renaming Generated Instances
---------------------------------------------------------------------------------
---------------------------------------------------------------------------------
Finished Renaming Generated Instances : Time (s): cpu = 00:00:04 ; elapsed = 00:00:31 . Memory (MB): peak = 1466.840 ; gain = 595.613
---------------------------------------------------------------------------------
---------------------------------------------------------------------------------
Start Rebuilding User Hierarchy
---------------------------------------------------------------------------------
---------------------------------------------------------------------------------
Finished Rebuilding User Hierarchy : Time (s): cpu = 00:00:04 ; elapsed = 00:00:31 . Memory (MB): peak = 1466.840 ; gain = 595.613
---------------------------------------------------------------------------------
---------------------------------------------------------------------------------
Start Renaming Generated Ports
---------------------------------------------------------------------------------
---------------------------------------------------------------------------------
Finished Renaming Generated Ports : Time (s): cpu = 00:00:04 ; elapsed = 00:00:31 . Memory (MB): peak = 1466.840 ; gain = 595.613
---------------------------------------------------------------------------------
---------------------------------------------------------------------------------
Start Handling Custom Attributes
---------------------------------------------------------------------------------
---------------------------------------------------------------------------------
Finished Handling Custom Attributes : Time (s): cpu = 00:00:04 ; elapsed = 00:00:31 . Memory (MB): peak = 1466.840 ; gain = 595.613
---------------------------------------------------------------------------------
---------------------------------------------------------------------------------
Start Renaming Generated Nets
---------------------------------------------------------------------------------
---------------------------------------------------------------------------------
Finished Renaming Generated Nets : Time (s): cpu = 00:00:04 ; elapsed = 00:00:31 . Memory (MB): peak = 1466.840 ; gain = 595.613
---------------------------------------------------------------------------------
---------------------------------------------------------------------------------
Start Writing Synthesis Report
---------------------------------------------------------------------------------

Report BlackBoxes: 
+-+--------------+----------+
| |BlackBox name |Instances |
+-+--------------+----------+
+-+--------------+----------+

Report Cell Usage: 
+------+-------+------+
|      |Cell   |Count |
+------+-------+------+
|1     |BUFG   |     1|
|2     |CARRY4 |    11|
|3     |LUT1   |     5|
|4     |LUT2   |    12|
|5     |LUT3   |    11|
|6     |LUT4   |     9|
|7     |LUT5   |    12|
|8     |LUT6   |    15|
|9     |FDRE   |    63|
|10    |FDSE   |     8|
|11    |LD     |     4|
|12    |LDP    |    17|
|13    |IBUF   |     2|
|14    |OBUF   |    16|
|15    |OBUFT  |     1|
+------+-------+------+
---------------------------------------------------------------------------------
Finished Writing Synthesis Report : Time (s): cpu = 00:00:04 ; elapsed = 00:00:31 . Memory (MB): peak = 1466.840 ; gain = 595.613
---------------------------------------------------------------------------------
Synthesis finished with 0 errors, 0 critical warnings and 13 warnings.
Synthesis Optimization Runtime : Time (s): cpu = 00:00:02 ; elapsed = 00:00:29 . Memory (MB): peak = 1466.840 ; gain = 502.574
Synthesis Optimization Complete : Time (s): cpu = 00:00:04 ; elapsed = 00:00:31 . Memory (MB): peak = 1466.840 ; gain = 595.613
INFO: [Project 1-571] Translating synthesized netlist
Netlist sorting complete. Time (s): cpu = 00:00:00 ; elapsed = 00:00:00.001 . Memory (MB): peak = 1466.840 ; gain = 0.000
INFO: [Netlist 29-17] Analyzing 32 Unisim elements for replacement
INFO: [Netlist 29-28] Unisim Transformation completed in 0 CPU seconds
INFO: [Project 1-570] Preparing netlist for logic optimization
INFO: [Opt 31-138] Pushed 0 inverter(s) to 0 load pin(s).
Netlist sorting complete. Time (s): cpu = 00:00:00 ; elapsed = 00:00:00 . Memory (MB): peak = 1466.840 ; gain = 0.000
INFO: [Project 1-111] Unisim Transformation Summary:
  A total of 21 instances were transformed.
  LD => LDCE: 4 instances
  LDP => LDPE: 17 instances

Synth Design complete | Checksum: 59520c93
INFO: [Common 17-83] Releasing license: Synthesis
33 Infos, 37 Warnings, 4 Critical Warnings and 0 Errors encountered.
synth_design completed successfully
synth_design: Time (s): cpu = 00:00:05 ; elapsed = 00:00:37 . Memory (MB): peak = 1466.840 ; gain = 994.301
INFO: [runtcl-6] Synthesis results are not added to the cache due to CRITICAL_WARNING
INFO: [Common 17-1381] The checkpoint 'E:/School/3rdYear/Semester-I/DSD/Labs/Practicum/Practicum.runs/synth_1/NonSeqCounter_4bit.dcp' has been generated.
INFO: [runtcl-4] Executing : report_utilization -file NonSeqCounter_4bit_utilization_synth.rpt -pb NonSeqCounter_4bit_utilization_synth.pb
INFO: [Common 17-206] Exiting Vivado at Fri Oct 27 00:56:57 2023...
