
*** Running vivado
    with args -log Top.vdi -applog -m64 -product Vivado -messageDb vivado.pb -mode batch -source Top.tcl -notrace


ECHO is off.
ECHO is off.

****** Vivado v2023.1 (64-bit)
  **** SW Build 3865809 on Sun May  7 15:05:29 MDT 2023
  **** IP Build 3864474 on Sun May  7 20:36:21 MDT 2023
  **** SharedData Build 3865790 on Sun May 07 13:33:03 MDT 2023
    ** Copyright 1986-2022 Xilinx, Inc. All Rights Reserved.
    ** Copyright 2022-2023 Advanced Micro Devices, Inc. All Rights Reserved.

source Top.tcl -notrace
create_project: Time (s): cpu = 00:00:02 ; elapsed = 00:00:11 . Memory (MB): peak = 448.223 ; gain = 160.090
Command: link_design -top Top -part xc7a100tcsg324-1
Design is defaulting to srcset: sources_1
Design is defaulting to constrset: constrs_1
INFO: [Device 21-403] Loading part xc7a100tcsg324-1
Netlist sorting complete. Time (s): cpu = 00:00:00 ; elapsed = 00:00:00.001 . Memory (MB): peak = 871.488 ; gain = 0.000
INFO: [Project 1-479] Netlist was created with Vivado 2023.1
INFO: [Project 1-570] Preparing netlist for logic optimization
Parsing XDC File [E:/School/3rdYear/Semester-I/DSD/Labs/Lab 1/Lab 1.srcs/constrs_1/new/cf.xdc]
WARNING: [Vivado 12-584] No ports matched 'CLK100MHZ'. [E:/School/3rdYear/Semester-I/DSD/Labs/Lab 1/Lab 1.srcs/constrs_1/new/cf.xdc:7]
CRITICAL WARNING: [Common 17-55] 'set_property' expects at least one object. [E:/School/3rdYear/Semester-I/DSD/Labs/Lab 1/Lab 1.srcs/constrs_1/new/cf.xdc:7]
Resolution: If [get_<value>] was used to populate the object, check to make sure this command returns at least one valid object.
WARNING: [Vivado 12-584] No ports matched 'CLK100MHZ'. [E:/School/3rdYear/Semester-I/DSD/Labs/Lab 1/Lab 1.srcs/constrs_1/new/cf.xdc:8]
CRITICAL WARNING: [Vivado 12-4739] create_clock:No valid object(s) found for '-objects [get_ports CLK100MHZ]'. [E:/School/3rdYear/Semester-I/DSD/Labs/Lab 1/Lab 1.srcs/constrs_1/new/cf.xdc:8]
Resolution: Check if the specified object(s) exists in the current design. If it does, ensure that the correct design hierarchy was specified for the object. If you are working with clocks, make sure create_clock was used to create the clock object before it is referenced.
WARNING: [Vivado 12-584] No ports matched 'LED[15]'. [E:/School/3rdYear/Semester-I/DSD/Labs/Lab 1/Lab 1.srcs/constrs_1/new/cf.xdc:48]
CRITICAL WARNING: [Common 17-55] 'set_property' expects at least one object. [E:/School/3rdYear/Semester-I/DSD/Labs/Lab 1/Lab 1.srcs/constrs_1/new/cf.xdc:48]
Resolution: If [get_<value>] was used to populate the object, check to make sure this command returns at least one valid object.
WARNING: [Vivado 12-584] No ports matched 'SEG[0]'. [E:/School/3rdYear/Semester-I/DSD/Labs/Lab 1/Lab 1.srcs/constrs_1/new/cf.xdc:60]
CRITICAL WARNING: [Common 17-55] 'set_property' expects at least one object. [E:/School/3rdYear/Semester-I/DSD/Labs/Lab 1/Lab 1.srcs/constrs_1/new/cf.xdc:60]
Resolution: If [get_<value>] was used to populate the object, check to make sure this command returns at least one valid object.
WARNING: [Vivado 12-584] No ports matched 'SEG[1]'. [E:/School/3rdYear/Semester-I/DSD/Labs/Lab 1/Lab 1.srcs/constrs_1/new/cf.xdc:61]
CRITICAL WARNING: [Common 17-55] 'set_property' expects at least one object. [E:/School/3rdYear/Semester-I/DSD/Labs/Lab 1/Lab 1.srcs/constrs_1/new/cf.xdc:61]
Resolution: If [get_<value>] was used to populate the object, check to make sure this command returns at least one valid object.
WARNING: [Vivado 12-584] No ports matched 'SEG[2]'. [E:/School/3rdYear/Semester-I/DSD/Labs/Lab 1/Lab 1.srcs/constrs_1/new/cf.xdc:62]
CRITICAL WARNING: [Common 17-55] 'set_property' expects at least one object. [E:/School/3rdYear/Semester-I/DSD/Labs/Lab 1/Lab 1.srcs/constrs_1/new/cf.xdc:62]
Resolution: If [get_<value>] was used to populate the object, check to make sure this command returns at least one valid object.
WARNING: [Vivado 12-584] No ports matched 'SEG[3]'. [E:/School/3rdYear/Semester-I/DSD/Labs/Lab 1/Lab 1.srcs/constrs_1/new/cf.xdc:63]
CRITICAL WARNING: [Common 17-55] 'set_property' expects at least one object. [E:/School/3rdYear/Semester-I/DSD/Labs/Lab 1/Lab 1.srcs/constrs_1/new/cf.xdc:63]
Resolution: If [get_<value>] was used to populate the object, check to make sure this command returns at least one valid object.
WARNING: [Vivado 12-584] No ports matched 'SEG[4]'. [E:/School/3rdYear/Semester-I/DSD/Labs/Lab 1/Lab 1.srcs/constrs_1/new/cf.xdc:64]
CRITICAL WARNING: [Common 17-55] 'set_property' expects at least one object. [E:/School/3rdYear/Semester-I/DSD/Labs/Lab 1/Lab 1.srcs/constrs_1/new/cf.xdc:64]
Resolution: If [get_<value>] was used to populate the object, check to make sure this command returns at least one valid object.
WARNING: [Vivado 12-584] No ports matched 'SEG[5]'. [E:/School/3rdYear/Semester-I/DSD/Labs/Lab 1/Lab 1.srcs/constrs_1/new/cf.xdc:65]
CRITICAL WARNING: [Common 17-55] 'set_property' expects at least one object. [E:/School/3rdYear/Semester-I/DSD/Labs/Lab 1/Lab 1.srcs/constrs_1/new/cf.xdc:65]
Resolution: If [get_<value>] was used to populate the object, check to make sure this command returns at least one valid object.
WARNING: [Vivado 12-584] No ports matched 'SEG[6]'. [E:/School/3rdYear/Semester-I/DSD/Labs/Lab 1/Lab 1.srcs/constrs_1/new/cf.xdc:66]
CRITICAL WARNING: [Common 17-55] 'set_property' expects at least one object. [E:/School/3rdYear/Semester-I/DSD/Labs/Lab 1/Lab 1.srcs/constrs_1/new/cf.xdc:66]
Resolution: If [get_<value>] was used to populate the object, check to make sure this command returns at least one valid object.
WARNING: [Vivado 12-584] No ports matched 'DP'. [E:/School/3rdYear/Semester-I/DSD/Labs/Lab 1/Lab 1.srcs/constrs_1/new/cf.xdc:68]
CRITICAL WARNING: [Common 17-55] 'set_property' expects at least one object. [E:/School/3rdYear/Semester-I/DSD/Labs/Lab 1/Lab 1.srcs/constrs_1/new/cf.xdc:68]
Resolution: If [get_<value>] was used to populate the object, check to make sure this command returns at least one valid object.
WARNING: [Vivado 12-584] No ports matched 'AN[0]'. [E:/School/3rdYear/Semester-I/DSD/Labs/Lab 1/Lab 1.srcs/constrs_1/new/cf.xdc:70]
CRITICAL WARNING: [Common 17-55] 'set_property' expects at least one object. [E:/School/3rdYear/Semester-I/DSD/Labs/Lab 1/Lab 1.srcs/constrs_1/new/cf.xdc:70]
Resolution: If [get_<value>] was used to populate the object, check to make sure this command returns at least one valid object.
WARNING: [Vivado 12-584] No ports matched 'AN[1]'. [E:/School/3rdYear/Semester-I/DSD/Labs/Lab 1/Lab 1.srcs/constrs_1/new/cf.xdc:71]
CRITICAL WARNING: [Common 17-55] 'set_property' expects at least one object. [E:/School/3rdYear/Semester-I/DSD/Labs/Lab 1/Lab 1.srcs/constrs_1/new/cf.xdc:71]
Resolution: If [get_<value>] was used to populate the object, check to make sure this command returns at least one valid object.
WARNING: [Vivado 12-584] No ports matched 'AN[2]'. [E:/School/3rdYear/Semester-I/DSD/Labs/Lab 1/Lab 1.srcs/constrs_1/new/cf.xdc:72]
CRITICAL WARNING: [Common 17-55] 'set_property' expects at least one object. [E:/School/3rdYear/Semester-I/DSD/Labs/Lab 1/Lab 1.srcs/constrs_1/new/cf.xdc:72]
Resolution: If [get_<value>] was used to populate the object, check to make sure this command returns at least one valid object.
WARNING: [Vivado 12-584] No ports matched 'AN[3]'. [E:/School/3rdYear/Semester-I/DSD/Labs/Lab 1/Lab 1.srcs/constrs_1/new/cf.xdc:73]
CRITICAL WARNING: [Common 17-55] 'set_property' expects at least one object. [E:/School/3rdYear/Semester-I/DSD/Labs/Lab 1/Lab 1.srcs/constrs_1/new/cf.xdc:73]
Resolution: If [get_<value>] was used to populate the object, check to make sure this command returns at least one valid object.
WARNING: [Vivado 12-584] No ports matched 'AN[4]'. [E:/School/3rdYear/Semester-I/DSD/Labs/Lab 1/Lab 1.srcs/constrs_1/new/cf.xdc:74]
CRITICAL WARNING: [Common 17-55] 'set_property' expects at least one object. [E:/School/3rdYear/Semester-I/DSD/Labs/Lab 1/Lab 1.srcs/constrs_1/new/cf.xdc:74]
Resolution: If [get_<value>] was used to populate the object, check to make sure this command returns at least one valid object.
WARNING: [Vivado 12-584] No ports matched 'AN[5]'. [E:/School/3rdYear/Semester-I/DSD/Labs/Lab 1/Lab 1.srcs/constrs_1/new/cf.xdc:75]
CRITICAL WARNING: [Common 17-55] 'set_property' expects at least one object. [E:/School/3rdYear/Semester-I/DSD/Labs/Lab 1/Lab 1.srcs/constrs_1/new/cf.xdc:75]
Resolution: If [get_<value>] was used to populate the object, check to make sure this command returns at least one valid object.
WARNING: [Vivado 12-584] No ports matched 'AN[6]'. [E:/School/3rdYear/Semester-I/DSD/Labs/Lab 1/Lab 1.srcs/constrs_1/new/cf.xdc:76]
CRITICAL WARNING: [Common 17-55] 'set_property' expects at least one object. [E:/School/3rdYear/Semester-I/DSD/Labs/Lab 1/Lab 1.srcs/constrs_1/new/cf.xdc:76]
Resolution: If [get_<value>] was used to populate the object, check to make sure this command returns at least one valid object.
WARNING: [Vivado 12-584] No ports matched 'AN[7]'. [E:/School/3rdYear/Semester-I/DSD/Labs/Lab 1/Lab 1.srcs/constrs_1/new/cf.xdc:77]
CRITICAL WARNING: [Common 17-55] 'set_property' expects at least one object. [E:/School/3rdYear/Semester-I/DSD/Labs/Lab 1/Lab 1.srcs/constrs_1/new/cf.xdc:77]
Resolution: If [get_<value>] was used to populate the object, check to make sure this command returns at least one valid object.
WARNING: [Vivado 12-584] No ports matched 'UART_TXD'. [E:/School/3rdYear/Semester-I/DSD/Labs/Lab 1/Lab 1.srcs/constrs_1/new/cf.xdc:220]
CRITICAL WARNING: [Common 17-55] 'set_property' expects at least one object. [E:/School/3rdYear/Semester-I/DSD/Labs/Lab 1/Lab 1.srcs/constrs_1/new/cf.xdc:220]
Resolution: If [get_<value>] was used to populate the object, check to make sure this command returns at least one valid object.
WARNING: [Vivado 12-584] No ports matched 'PS2_CLK'. [E:/School/3rdYear/Semester-I/DSD/Labs/Lab 1/Lab 1.srcs/constrs_1/new/cf.xdc:226]
CRITICAL WARNING: [Common 17-55] 'set_property' expects at least one object. [E:/School/3rdYear/Semester-I/DSD/Labs/Lab 1/Lab 1.srcs/constrs_1/new/cf.xdc:226]
Resolution: If [get_<value>] was used to populate the object, check to make sure this command returns at least one valid object.
WARNING: [Vivado 12-584] No ports matched 'PS2_DATA'. [E:/School/3rdYear/Semester-I/DSD/Labs/Lab 1/Lab 1.srcs/constrs_1/new/cf.xdc:227]
CRITICAL WARNING: [Common 17-55] 'set_property' expects at least one object. [E:/School/3rdYear/Semester-I/DSD/Labs/Lab 1/Lab 1.srcs/constrs_1/new/cf.xdc:227]
Resolution: If [get_<value>] was used to populate the object, check to make sure this command returns at least one valid object.
Finished Parsing XDC File [E:/School/3rdYear/Semester-I/DSD/Labs/Lab 1/Lab 1.srcs/constrs_1/new/cf.xdc]
INFO: [Opt 31-138] Pushed 0 inverter(s) to 0 load pin(s).
Netlist sorting complete. Time (s): cpu = 00:00:00 ; elapsed = 00:00:00 . Memory (MB): peak = 992.695 ; gain = 0.000
INFO: [Project 1-111] Unisim Transformation Summary:
No Unisim elements were transformed.

5 Infos, 22 Warnings, 22 Critical Warnings and 0 Errors encountered.
link_design completed successfully
link_design: Time (s): cpu = 00:00:01 ; elapsed = 00:00:29 . Memory (MB): peak = 997.688 ; gain = 544.773
Command: opt_design
Attempting to get a license for feature 'Implementation' and/or device 'xc7a100t'
INFO: [Common 17-349] Got license for feature 'Implementation' and/or device 'xc7a100t'
Running DRC as a precondition to command opt_design

Starting DRC Task
INFO: [DRC 23-27] Running DRC with 2 threads
INFO: [Project 1-461] DRC finished with 0 Errors
INFO: [Project 1-462] Please refer to the DRC report (report_drc) for more information.

Time (s): cpu = 00:00:01 ; elapsed = 00:00:01 . Memory (MB): peak = 1020.035 ; gain = 22.348

Starting Cache Timing Information Task
INFO: [Timing 38-35] Done setting XDC timing constraints.
Ending Cache Timing Information Task | Checksum: 149fdad04

Time (s): cpu = 00:00:02 ; elapsed = 00:00:08 . Memory (MB): peak = 1562.965 ; gain = 542.930

Starting Logic Optimization Task

Phase 1 Retarget
INFO: [Opt 31-138] Pushed 0 inverter(s) to 0 load pin(s).
INFO: [Opt 31-49] Retargeted 0 cell(s).
Phase 1 Retarget | Checksum: 149fdad04

Time (s): cpu = 00:00:00 ; elapsed = 00:00:00.031 . Memory (MB): peak = 1899.418 ; gain = 0.000
INFO: [Opt 31-389] Phase Retarget created 0 cells and removed 0 cells

Phase 2 Constant propagation
INFO: [Opt 31-138] Pushed 0 inverter(s) to 0 load pin(s).
Phase 2 Constant propagation | Checksum: 149fdad04

Time (s): cpu = 00:00:00 ; elapsed = 00:00:00.035 . Memory (MB): peak = 1899.418 ; gain = 0.000
INFO: [Opt 31-389] Phase Constant propagation created 0 cells and removed 0 cells

Phase 3 Sweep
Phase 3 Sweep | Checksum: 149fdad04

Time (s): cpu = 00:00:00 ; elapsed = 00:00:00.041 . Memory (MB): peak = 1899.418 ; gain = 0.000
INFO: [Opt 31-389] Phase Sweep created 0 cells and removed 0 cells

Phase 4 BUFG optimization
Phase 4 BUFG optimization | Checksum: 149fdad04

Time (s): cpu = 00:00:00 ; elapsed = 00:00:00.109 . Memory (MB): peak = 1899.418 ; gain = 0.000
INFO: [Opt 31-662] Phase BUFG optimization created 0 cells of which 0 are BUFGs and removed 0 cells.

Phase 5 Shift Register Optimization
INFO: [Opt 31-1064] SRL Remap converted 0 SRLs to 0 registers and converted 0 registers of register chains to 0 SRLs
Phase 5 Shift Register Optimization | Checksum: 149fdad04

Time (s): cpu = 00:00:00 ; elapsed = 00:00:00.125 . Memory (MB): peak = 1899.418 ; gain = 0.000
INFO: [Opt 31-389] Phase Shift Register Optimization created 0 cells and removed 0 cells

Phase 6 Post Processing Netlist
Phase 6 Post Processing Netlist | Checksum: 149fdad04

Time (s): cpu = 00:00:00 ; elapsed = 00:00:00.129 . Memory (MB): peak = 1899.418 ; gain = 0.000
INFO: [Opt 31-389] Phase Post Processing Netlist created 0 cells and removed 0 cells
Opt_design Change Summary
=========================


-------------------------------------------------------------------------------------------------------------------------
|  Phase                        |  #Cells created  |  #Cells Removed  |  #Constrained objects preventing optimizations  |
-------------------------------------------------------------------------------------------------------------------------
|  Retarget                     |               0  |               0  |                                              0  |
|  Constant propagation         |               0  |               0  |                                              0  |
|  Sweep                        |               0  |               0  |                                              0  |
|  BUFG optimization            |               0  |               0  |                                              0  |
|  Shift Register Optimization  |               0  |               0  |                                              0  |
|  Post Processing Netlist      |               0  |               0  |                                              0  |
-------------------------------------------------------------------------------------------------------------------------



Starting Connectivity Check Task

Time (s): cpu = 00:00:00 ; elapsed = 00:00:00.001 . Memory (MB): peak = 1899.418 ; gain = 0.000
Ending Logic Optimization Task | Checksum: 149fdad04

Time (s): cpu = 00:00:00 ; elapsed = 00:00:00.138 . Memory (MB): peak = 1899.418 ; gain = 0.000

Starting Power Optimization Task
INFO: [Pwropt 34-132] Skipping clock gating for clocks with a period < 2.00 ns.
Ending Power Optimization Task | Checksum: 149fdad04

Time (s): cpu = 00:00:00 ; elapsed = 00:00:00.017 . Memory (MB): peak = 1899.418 ; gain = 0.000

Starting Final Cleanup Task
Ending Final Cleanup Task | Checksum: 149fdad04

Time (s): cpu = 00:00:00 ; elapsed = 00:00:00.001 . Memory (MB): peak = 1899.418 ; gain = 0.000

Starting Netlist Obfuscation Task
Netlist sorting complete. Time (s): cpu = 00:00:00 ; elapsed = 00:00:00 . Memory (MB): peak = 1899.418 ; gain = 0.000
Ending Netlist Obfuscation Task | Checksum: 149fdad04

Time (s): cpu = 00:00:00 ; elapsed = 00:00:00.001 . Memory (MB): peak = 1899.418 ; gain = 0.000
INFO: [Common 17-83] Releasing license: Implementation
22 Infos, 22 Warnings, 22 Critical Warnings and 0 Errors encountered.
opt_design completed successfully
opt_design: Time (s): cpu = 00:00:04 ; elapsed = 00:00:15 . Memory (MB): peak = 1899.418 ; gain = 901.730
INFO: [runtcl-4] Executing : report_drc -file Top_drc_opted.rpt -pb Top_drc_opted.pb -rpx Top_drc_opted.rpx
Command: report_drc -file Top_drc_opted.rpt -pb Top_drc_opted.pb -rpx Top_drc_opted.rpx
INFO: [IP_Flow 19-234] Refreshing IP repositories
INFO: [IP_Flow 19-1704] No user IP repositories specified
INFO: [IP_Flow 19-2313] Loaded Vivado IP repository 'C:/Xilinx/Vivado/2023.1/data/ip'.
INFO: [DRC 23-27] Running DRC with 2 threads
INFO: [Vivado_Tcl 2-168] The results of DRC are in file E:/School/3rdYear/Semester-I/DSD/Labs/Lab 1/Lab 1.runs/impl_1/Top_drc_opted.rpt.
report_drc completed successfully
INFO: [Timing 38-480] Writing timing data to binary archive.
Writing XDEF routing.
Writing XDEF routing logical nets.
Writing XDEF routing special nets.
Write XDEF Complete: Time (s): cpu = 00:00:00 ; elapsed = 00:00:04 . Memory (MB): peak = 1899.418 ; gain = 0.000
INFO: [Common 17-1381] The checkpoint 'E:/School/3rdYear/Semester-I/DSD/Labs/Lab 1/Lab 1.runs/impl_1/Top_opt.dcp' has been generated.
write_checkpoint: Time (s): cpu = 00:00:00 ; elapsed = 00:00:18 . Memory (MB): peak = 1899.418 ; gain = 0.000
Command: place_design
Attempting to get a license for feature 'Implementation' and/or device 'xc7a100t'
INFO: [Common 17-349] Got license for feature 'Implementation' and/or device 'xc7a100t'
INFO: [DRC 23-27] Running DRC with 2 threads
INFO: [Vivado_Tcl 4-198] DRC finished with 0 Errors
INFO: [Vivado_Tcl 4-199] Please refer to the DRC report (report_drc) for more information.
Running DRC as a precondition to command place_design
INFO: [DRC 23-27] Running DRC with 2 threads
INFO: [Vivado_Tcl 4-198] DRC finished with 0 Errors
INFO: [Vivado_Tcl 4-199] Please refer to the DRC report (report_drc) for more information.

Starting Placer Task
INFO: [Place 30-611] Multithreading enabled for place_design using a maximum of 2 CPUs

Phase 1 Placer Initialization

Phase 1.1 Placer Initialization Netlist Sorting
Netlist sorting complete. Time (s): cpu = 00:00:00 ; elapsed = 00:00:00.001 . Memory (MB): peak = 1899.418 ; gain = 0.000
Phase 1.1 Placer Initialization Netlist Sorting | Checksum: 11eaf7de6

Time (s): cpu = 00:00:00 ; elapsed = 00:00:00.015 . Memory (MB): peak = 1899.418 ; gain = 0.000
Netlist sorting complete. Time (s): cpu = 00:00:00 ; elapsed = 00:00:00.001 . Memory (MB): peak = 1899.418 ; gain = 0.000

Phase 1.2 IO Placement/ Clock Placement/ Build Placer Device
INFO: [Timing 38-35] Done setting XDC timing constraints.
Phase 1.2 IO Placement/ Clock Placement/ Build Placer Device | Checksum: 11eaf7de6

Time (s): cpu = 00:00:00 ; elapsed = 00:00:00.206 . Memory (MB): peak = 1899.418 ; gain = 0.000

Phase 1.3 Build Placer Netlist Model
Phase 1.3 Build Placer Netlist Model | Checksum: 16e1b31e7

Time (s): cpu = 00:00:00 ; elapsed = 00:00:00.241 . Memory (MB): peak = 1899.418 ; gain = 0.000

Phase 1.4 Constrain Clocks/Macros
Phase 1.4 Constrain Clocks/Macros | Checksum: 16e1b31e7

Time (s): cpu = 00:00:00 ; elapsed = 00:00:00.246 . Memory (MB): peak = 1899.418 ; gain = 0.000
Phase 1 Placer Initialization | Checksum: 16e1b31e7

Time (s): cpu = 00:00:00 ; elapsed = 00:00:00.254 . Memory (MB): peak = 1899.418 ; gain = 0.000

Phase 2 Global Placement

Phase 2.1 Floorplanning
Phase 2.1 Floorplanning | Checksum: 16e1b31e7

Time (s): cpu = 00:00:00 ; elapsed = 00:00:00.262 . Memory (MB): peak = 1899.418 ; gain = 0.000

Phase 2.2 Update Timing before SLR Path Opt
Phase 2.2 Update Timing before SLR Path Opt | Checksum: 16e1b31e7

Time (s): cpu = 00:00:00 ; elapsed = 00:00:00.264 . Memory (MB): peak = 1899.418 ; gain = 0.000

Phase 2.3 Post-Processing in Floorplanning
Phase 2.3 Post-Processing in Floorplanning | Checksum: 16e1b31e7

Time (s): cpu = 00:00:00 ; elapsed = 00:00:00.266 . Memory (MB): peak = 1899.418 ; gain = 0.000

Phase 2.4 Global Placement Core
WARNING: [Place 46-29] Timing had been disabled during Placer and, therefore, physical synthesis in Placer will be skipped.
Phase 2.4 Global Placement Core | Checksum: 21ac47db3

Time (s): cpu = 00:00:00 ; elapsed = 00:00:00.964 . Memory (MB): peak = 1899.418 ; gain = 0.000
Phase 2 Global Placement | Checksum: 21ac47db3

Time (s): cpu = 00:00:00 ; elapsed = 00:00:00.969 . Memory (MB): peak = 1899.418 ; gain = 0.000

Phase 3 Detail Placement

Phase 3.1 Commit Multi Column Macros
Phase 3.1 Commit Multi Column Macros | Checksum: 21ac47db3

Time (s): cpu = 00:00:00 ; elapsed = 00:00:00.974 . Memory (MB): peak = 1899.418 ; gain = 0.000

Phase 3.2 Commit Most Macros & LUTRAMs
Phase 3.2 Commit Most Macros & LUTRAMs | Checksum: 174ea4b5b

Time (s): cpu = 00:00:00 ; elapsed = 00:00:00.981 . Memory (MB): peak = 1899.418 ; gain = 0.000

Phase 3.3 Area Swap Optimization
Phase 3.3 Area Swap Optimization | Checksum: 127ff20a6

Time (s): cpu = 00:00:00 ; elapsed = 00:00:00.993 . Memory (MB): peak = 1899.418 ; gain = 0.000

Phase 3.4 Pipeline Register Optimization
Phase 3.4 Pipeline Register Optimization | Checksum: 127ff20a6

Time (s): cpu = 00:00:00 ; elapsed = 00:00:00.995 . Memory (MB): peak = 1899.418 ; gain = 0.000

Phase 3.5 Small Shape Detail Placement
Phase 3.5 Small Shape Detail Placement | Checksum: d906b367

Time (s): cpu = 00:00:00 ; elapsed = 00:00:01 . Memory (MB): peak = 1899.418 ; gain = 0.000

Phase 3.6 Re-assign LUT pins
Phase 3.6 Re-assign LUT pins | Checksum: d906b367

Time (s): cpu = 00:00:00 ; elapsed = 00:00:01 . Memory (MB): peak = 1899.418 ; gain = 0.000

Phase 3.7 Pipeline Register Optimization
Phase 3.7 Pipeline Register Optimization | Checksum: d906b367

Time (s): cpu = 00:00:00 ; elapsed = 00:00:01 . Memory (MB): peak = 1899.418 ; gain = 0.000
Phase 3 Detail Placement | Checksum: d906b367

Time (s): cpu = 00:00:00 ; elapsed = 00:00:01 . Memory (MB): peak = 1899.418 ; gain = 0.000

Phase 4 Post Placement Optimization and Clean-Up

Phase 4.1 Post Commit Optimization
Phase 4.1 Post Commit Optimization | Checksum: d906b367

Time (s): cpu = 00:00:00 ; elapsed = 00:00:01 . Memory (MB): peak = 1899.418 ; gain = 0.000

Phase 4.2 Post Placement Cleanup
Phase 4.2 Post Placement Cleanup | Checksum: d906b367

Time (s): cpu = 00:00:00 ; elapsed = 00:00:01 . Memory (MB): peak = 1899.418 ; gain = 0.000

Phase 4.3 Placer Reporting

Phase 4.3.1 Print Estimated Congestion
INFO: [Place 30-612] Post-Placement Estimated Congestion 
 ____________________________________________________
|           | Global Congestion | Short Congestion  |
| Direction | Region Size       | Region Size       |
|___________|___________________|___________________|
|      North|                1x1|                1x1|
|___________|___________________|___________________|
|      South|                1x1|                1x1|
|___________|___________________|___________________|
|       East|                1x1|                1x1|
|___________|___________________|___________________|
|       West|                1x1|                1x1|
|___________|___________________|___________________|

Phase 4.3.1 Print Estimated Congestion | Checksum: d906b367

Time (s): cpu = 00:00:00 ; elapsed = 00:00:01 . Memory (MB): peak = 1899.418 ; gain = 0.000
Phase 4.3 Placer Reporting | Checksum: d906b367

Time (s): cpu = 00:00:00 ; elapsed = 00:00:01 . Memory (MB): peak = 1899.418 ; gain = 0.000

Phase 4.4 Final Placement Cleanup
Netlist sorting complete. Time (s): cpu = 00:00:00 ; elapsed = 00:00:00 . Memory (MB): peak = 1899.418 ; gain = 0.000

Time (s): cpu = 00:00:00 ; elapsed = 00:00:01 . Memory (MB): peak = 1899.418 ; gain = 0.000
Phase 4 Post Placement Optimization and Clean-Up | Checksum: d906b367

Time (s): cpu = 00:00:00 ; elapsed = 00:00:01 . Memory (MB): peak = 1899.418 ; gain = 0.000
Ending Placer Task | Checksum: 83bb1add

Time (s): cpu = 00:00:00 ; elapsed = 00:00:01 . Memory (MB): peak = 1899.418 ; gain = 0.000
INFO: [Common 17-83] Releasing license: Implementation
41 Infos, 23 Warnings, 22 Critical Warnings and 0 Errors encountered.
place_design completed successfully
INFO: [runtcl-4] Executing : report_io -file Top_io_placed.rpt
report_io: Time (s): cpu = 00:00:00 ; elapsed = 00:00:01 . Memory (MB): peak = 1899.418 ; gain = 0.000
INFO: [runtcl-4] Executing : report_utilization -file Top_utilization_placed.rpt -pb Top_utilization_placed.pb
INFO: [runtcl-4] Executing : report_control_sets -verbose -file Top_control_sets_placed.rpt
report_control_sets: Time (s): cpu = 00:00:00 ; elapsed = 00:00:00.004 . Memory (MB): peak = 1899.418 ; gain = 0.000
INFO: [Timing 38-480] Writing timing data to binary archive.
Writing XDEF routing.
Writing XDEF routing logical nets.
Writing XDEF routing special nets.
Write XDEF Complete: Time (s): cpu = 00:00:00 ; elapsed = 00:00:05 . Memory (MB): peak = 1899.418 ; gain = 0.000
INFO: [Common 17-1381] The checkpoint 'E:/School/3rdYear/Semester-I/DSD/Labs/Lab 1/Lab 1.runs/impl_1/Top_placed.dcp' has been generated.
write_checkpoint: Time (s): cpu = 00:00:00 ; elapsed = 00:00:31 . Memory (MB): peak = 1899.418 ; gain = 0.000
Command: phys_opt_design
Attempting to get a license for feature 'Implementation' and/or device 'xc7a100t'
INFO: [Common 17-349] Got license for feature 'Implementation' and/or device 'xc7a100t'

Starting Initial Update Timing Task

Time (s): cpu = 00:00:00 ; elapsed = 00:00:00.014 . Memory (MB): peak = 1900.523 ; gain = 1.105
INFO: [Vivado_Tcl 4-235] No timing constraint found. The netlist was not modified.
INFO: [Common 17-83] Releasing license: Implementation
49 Infos, 23 Warnings, 22 Critical Warnings and 0 Errors encountered.
phys_opt_design completed successfully
INFO: [Timing 38-480] Writing timing data to binary archive.
Writing XDEF routing.
Writing XDEF routing logical nets.
Writing XDEF routing special nets.
Write XDEF Complete: Time (s): cpu = 00:00:00 ; elapsed = 00:00:07 . Memory (MB): peak = 1918.434 ; gain = 14.930
INFO: [Common 17-1381] The checkpoint 'E:/School/3rdYear/Semester-I/DSD/Labs/Lab 1/Lab 1.runs/impl_1/Top_physopt.dcp' has been generated.
write_checkpoint: Time (s): cpu = 00:00:00 ; elapsed = 00:00:31 . Memory (MB): peak = 1918.434 ; gain = 17.910
Command: route_design
Attempting to get a license for feature 'Implementation' and/or device 'xc7a100t'
INFO: [Common 17-349] Got license for feature 'Implementation' and/or device 'xc7a100t'
Running DRC as a precondition to command route_design
INFO: [DRC 23-27] Running DRC with 2 threads
INFO: [Vivado_Tcl 4-198] DRC finished with 0 Errors
INFO: [Vivado_Tcl 4-199] Please refer to the DRC report (report_drc) for more information.


Starting Routing Task
INFO: [Route 35-254] Multithreading enabled for route_design using a maximum of 2 CPUs

Phase 1 Build RT Design
Checksum: PlaceDB: 26c88dfb ConstDB: 0 ShapeSum: 5cf28ce2 RouteDB: 0
Post Restoration Checksum: NetGraph: 19fc9a23 | NumContArr: b8d63b90 | Constraints: 190a55ad | Timing: 0
Phase 1 Build RT Design | Checksum: ebdd2b60

Time (s): cpu = 00:00:10 ; elapsed = 00:00:33 . Memory (MB): peak = 2030.598 ; gain = 103.176

Phase 2 Router Initialization
INFO: [Route 35-64] No timing constraints were detected. The router will operate in resource-optimization mode.

Phase 2.1 Fix Topology Constraints
Phase 2.1 Fix Topology Constraints | Checksum: ebdd2b60

Time (s): cpu = 00:00:10 ; elapsed = 00:00:33 . Memory (MB): peak = 2036.641 ; gain = 109.219

Phase 2.2 Pre Route Cleanup
Phase 2.2 Pre Route Cleanup | Checksum: ebdd2b60

Time (s): cpu = 00:00:10 ; elapsed = 00:00:33 . Memory (MB): peak = 2036.641 ; gain = 109.219
 Number of Nodes with overlaps = 0

Router Utilization Summary
  Global Vertical Routing Utilization    = 0 %
  Global Horizontal Routing Utilization  = 0 %
  Routable Net Status*
  *Does not include unroutable nets such as driverless and loadless.
  Run report_route_status for detailed report.
  Number of Failed Nets               = 23
    (Failed Nets is the sum of unrouted and partially routed nets)
  Number of Unrouted Nets             = 23
  Number of Partially Routed Nets     = 0
  Number of Node Overlaps             = 0

Phase 2 Router Initialization | Checksum: 14398f54a

Time (s): cpu = 00:00:11 ; elapsed = 00:00:34 . Memory (MB): peak = 2048.246 ; gain = 120.824

Phase 3 Initial Routing

Phase 3.1 Global Routing
Phase 3.1 Global Routing | Checksum: 14398f54a

Time (s): cpu = 00:00:11 ; elapsed = 00:00:34 . Memory (MB): peak = 2048.246 ; gain = 120.824
Phase 3 Initial Routing | Checksum: 143e0aa8e

Time (s): cpu = 00:00:11 ; elapsed = 00:00:34 . Memory (MB): peak = 2048.246 ; gain = 120.824

Phase 4 Rip-up And Reroute

Phase 4.1 Global Iteration 0
 Number of Nodes with overlaps = 0
Phase 4.1 Global Iteration 0 | Checksum: a3136468

Time (s): cpu = 00:00:11 ; elapsed = 00:00:34 . Memory (MB): peak = 2048.246 ; gain = 120.824
Phase 4 Rip-up And Reroute | Checksum: a3136468

Time (s): cpu = 00:00:11 ; elapsed = 00:00:34 . Memory (MB): peak = 2048.246 ; gain = 120.824

Phase 5 Delay and Skew Optimization
Phase 5 Delay and Skew Optimization | Checksum: a3136468

Time (s): cpu = 00:00:11 ; elapsed = 00:00:34 . Memory (MB): peak = 2048.246 ; gain = 120.824

Phase 6 Post Hold Fix

Phase 6.1 Hold Fix Iter
Phase 6.1 Hold Fix Iter | Checksum: a3136468

Time (s): cpu = 00:00:11 ; elapsed = 00:00:34 . Memory (MB): peak = 2048.246 ; gain = 120.824
Phase 6 Post Hold Fix | Checksum: a3136468

Time (s): cpu = 00:00:11 ; elapsed = 00:00:34 . Memory (MB): peak = 2048.246 ; gain = 120.824

Phase 7 Route finalize

Router Utilization Summary
  Global Vertical Routing Utilization    = 0.00996649 %
  Global Horizontal Routing Utilization  = 0.0139244 %
  Routable Net Status*
  *Does not include unroutable nets such as driverless and loadless.
  Run report_route_status for detailed report.
  Number of Failed Nets               = 0
    (Failed Nets is the sum of unrouted and partially routed nets)
  Number of Unrouted Nets             = 0
  Number of Partially Routed Nets     = 0
  Number of Node Overlaps             = 0


--GLOBAL Congestion:
Utilization threshold used for congestion level computation: 0.85
Congestion Report
North Dir 1x1 Area, Max Cong = 6.30631%, No Congested Regions.
South Dir 1x1 Area, Max Cong = 7.20721%, No Congested Regions.
East Dir 1x1 Area, Max Cong = 7.35294%, No Congested Regions.
West Dir 1x1 Area, Max Cong = 5.88235%, No Congested Regions.

------------------------------
Reporting congestion hotspots
------------------------------
Direction: North
----------------
Congested clusters found at Level 0
Effective congestion level: 0 Aspect Ratio: 1 Sparse Ratio: 0
Direction: South
----------------
Congested clusters found at Level 0
Effective congestion level: 0 Aspect Ratio: 1 Sparse Ratio: 0
Direction: East
----------------
Congested clusters found at Level 0
Effective congestion level: 0 Aspect Ratio: 1 Sparse Ratio: 0
Direction: West
----------------
Congested clusters found at Level 0
Effective congestion level: 0 Aspect Ratio: 1 Sparse Ratio: 0

Phase 7 Route finalize | Checksum: a3136468

Time (s): cpu = 00:00:11 ; elapsed = 00:00:34 . Memory (MB): peak = 2048.246 ; gain = 120.824

Phase 8 Verifying routed nets

 Verification completed successfully
Phase 8 Verifying routed nets | Checksum: a3136468

Time (s): cpu = 00:00:11 ; elapsed = 00:00:34 . Memory (MB): peak = 2048.246 ; gain = 120.824

Phase 9 Depositing Routes
Phase 9 Depositing Routes | Checksum: e44d65aa

Time (s): cpu = 00:00:11 ; elapsed = 00:00:34 . Memory (MB): peak = 2048.246 ; gain = 120.824
INFO: [Route 35-16] Router Completed Successfully

Phase 10 Post-Route Event Processing
Phase 10 Post-Route Event Processing | Checksum: b8affea8

Time (s): cpu = 00:00:11 ; elapsed = 00:00:34 . Memory (MB): peak = 2048.246 ; gain = 120.824

Time (s): cpu = 00:00:11 ; elapsed = 00:00:34 . Memory (MB): peak = 2048.246 ; gain = 120.824

Routing Is Done.
INFO: [Common 17-83] Releasing license: Implementation
59 Infos, 23 Warnings, 22 Critical Warnings and 0 Errors encountered.
route_design completed successfully
route_design: Time (s): cpu = 00:00:11 ; elapsed = 00:00:35 . Memory (MB): peak = 2048.246 ; gain = 129.812
INFO: [runtcl-4] Executing : report_drc -file Top_drc_routed.rpt -pb Top_drc_routed.pb -rpx Top_drc_routed.rpx
Command: report_drc -file Top_drc_routed.rpt -pb Top_drc_routed.pb -rpx Top_drc_routed.rpx
INFO: [IP_Flow 19-1839] IP Catalog is up to date.
INFO: [DRC 23-27] Running DRC with 2 threads
INFO: [Vivado_Tcl 2-168] The results of DRC are in file E:/School/3rdYear/Semester-I/DSD/Labs/Lab 1/Lab 1.runs/impl_1/Top_drc_routed.rpt.
report_drc completed successfully
INFO: [runtcl-4] Executing : report_methodology -file Top_methodology_drc_routed.rpt -pb Top_methodology_drc_routed.pb -rpx Top_methodology_drc_routed.rpx
Command: report_methodology -file Top_methodology_drc_routed.rpt -pb Top_methodology_drc_routed.pb -rpx Top_methodology_drc_routed.rpx
INFO: [Timing 38-35] Done setting XDC timing constraints.
INFO: [DRC 23-133] Running Methodology with 2 threads
INFO: [Vivado_Tcl 2-1520] The results of Report Methodology are in file E:/School/3rdYear/Semester-I/DSD/Labs/Lab 1/Lab 1.runs/impl_1/Top_methodology_drc_routed.rpt.
report_methodology completed successfully
INFO: [runtcl-4] Executing : report_power -file Top_power_routed.rpt -pb Top_power_summary_routed.pb -rpx Top_power_routed.rpx
Command: report_power -file Top_power_routed.rpt -pb Top_power_summary_routed.pb -rpx Top_power_routed.rpx
INFO: [Timing 38-35] Done setting XDC timing constraints.
WARNING: [Power 33-232] No user defined clocks were found in the design! Power estimation will be inaccurate until this is corrected.
Resolution: Please specify clocks using create_clock/create_generated_clock for sequential elements. For pure combinatorial circuits, please specify a virtual clock, otherwise the vectorless estimation might be inaccurate
Running Vector-less Activity Propagation...

Finished Running Vector-less Activity Propagation
69 Infos, 24 Warnings, 22 Critical Warnings and 0 Errors encountered.
report_power completed successfully
INFO: [runtcl-4] Executing : report_route_status -file Top_route_status.rpt -pb Top_route_status.pb
INFO: [runtcl-4] Executing : report_timing_summary -max_paths 10 -report_unconstrained -file Top_timing_summary_routed.rpt -pb Top_timing_summary_routed.pb -rpx Top_timing_summary_routed.rpx -warn_on_violation 
INFO: [Timing 38-91] UpdateTimingParams: Speed grade: -1, Delay Type: min_max.
INFO: [Timing 38-191] Multithreading enabled for timing update using a maximum of 2 CPUs
WARNING: [Timing 38-313] There are no user specified timing constraints. Timing constraints are needed for proper timing analysis.
report_timing_summary: Time (s): cpu = 00:00:00 ; elapsed = 00:00:06 . Memory (MB): peak = 2084.488 ; gain = 0.000
INFO: [runtcl-4] Executing : report_incremental_reuse -file Top_incremental_reuse_routed.rpt
INFO: [Vivado_Tcl 4-1062] Incremental flow is disabled. No incremental reuse Info to report.
INFO: [runtcl-4] Executing : report_clock_utilization -file Top_clock_utilization_routed.rpt
INFO: [runtcl-4] Executing : report_bus_skew -warn_on_violation -file Top_bus_skew_routed.rpt -pb Top_bus_skew_routed.pb -rpx Top_bus_skew_routed.rpx
INFO: [Timing 38-91] UpdateTimingParams: Speed grade: -1, Delay Type: min_max.
INFO: [Timing 38-191] Multithreading enabled for timing update using a maximum of 2 CPUs
INFO: [Timing 38-480] Writing timing data to binary archive.
Writing XDEF routing.
Writing XDEF routing logical nets.
Writing XDEF routing special nets.
Write XDEF Complete: Time (s): cpu = 00:00:00 ; elapsed = 00:00:06 . Memory (MB): peak = 2084.488 ; gain = 0.000
INFO: [Common 17-1381] The checkpoint 'E:/School/3rdYear/Semester-I/DSD/Labs/Lab 1/Lab 1.runs/impl_1/Top_routed.dcp' has been generated.
write_checkpoint: Time (s): cpu = 00:00:00 ; elapsed = 00:00:24 . Memory (MB): peak = 2084.488 ; gain = 0.000
Command: write_bitstream -force Top.bit
Attempting to get a license for feature 'Implementation' and/or device 'xc7a100t'
INFO: [Common 17-349] Got license for feature 'Implementation' and/or device 'xc7a100t'
Running DRC as a precondition to command write_bitstream
INFO: [IP_Flow 19-1839] IP Catalog is up to date.
INFO: [DRC 23-27] Running DRC with 2 threads
WARNING: [DRC CFGBVS-1] Missing CFGBVS and CONFIG_VOLTAGE Design Properties: Neither the CFGBVS nor CONFIG_VOLTAGE voltage property is set in the current_design.  Configuration bank voltage select (CFGBVS) must be set to VCCO or GND, and CONFIG_VOLTAGE must be set to the correct configuration voltage, in order to determine the I/O voltage support for the pins in bank 0.  It is suggested to specify these either using the 'Edit Device Properties' function in the GUI or directly in the XDC file using the following syntax:

 set_property CFGBVS value1 [current_design]
 #where value1 is either VCCO or GND

 set_property CONFIG_VOLTAGE value2 [current_design]
 #where value2 is the voltage provided to configuration bank 0

Refer to the device configuration user guide for more information.
INFO: [Vivado 12-3199] DRC finished with 0 Errors, 1 Warnings
INFO: [Vivado 12-3200] Please refer to the DRC report (report_drc) for more information.
INFO: [Designutils 20-2272] Running write_bitstream with 2 threads.
Loading data files...
Loading site data...
Loading route data...
Processing options...
Creating bitmap...
Creating bitstream...
Writing bitstream ./Top.bit...
INFO: [Vivado 12-1842] Bitgen Completed Successfully.
INFO: [Project 1-1876] WebTalk data collection is mandatory when using a ULT device. To see the specific WebTalk data collected for your design, open the usage_statistics_webtalk.html or usage_statistics_webtalk.xml file in the implementation directory.
INFO: [Common 17-83] Releasing license: Implementation
14 Infos, 1 Warnings, 0 Critical Warnings and 0 Errors encountered.
write_bitstream completed successfully
write_bitstream: Time (s): cpu = 00:00:04 ; elapsed = 00:00:17 . Memory (MB): peak = 2665.785 ; gain = 581.297
INFO: [Common 17-206] Exiting Vivado at Thu Aug 31 17:19:00 2023...
